<?xml version="1.0" encoding="UTF-8"?>
<testng-results skipped="0" failed="0" total="0" passed="0">
  <reporter-output>
  </reporter-output>
  <suite name="com.insider.test.amazon.test.AppTest" duration-ms="0" started-at="2018-05-11T20:45:53Z" finished-at="2018-05-11T20:45:53Z">
    <groups>
    </groups>
    <test name="Command line test" duration-ms="0" started-at="2018-05-11T20:45:53Z" finished-at="2018-05-11T20:45:53Z">
    </test> <!-- Command line test -->
  </suite> <!-- com.insider.test.amazon.test.AppTest -->
</testng-results>
